<?xml version="1.0" encoding="UTF-8"?>
<testsuite name="mooc.vandy.java4android.birthday.logic.UnitTests" tests="3" skipped="0" failures="0" errors="0" timestamp="2023-08-27T09:30:59" hostname="LAPTOP-972510TH" time="12.255">
  <properties/>
  <testcase name="testResultRange" classname="mooc.vandy.java4android.birthday.logic.UnitTests" time="0.001"/>
  <testcase name="testCalculateThreshold" classname="mooc.vandy.java4android.birthday.logic.UnitTests" time="0.085"/>
  <testcase name="testEfficiency" classname="mooc.vandy.java4android.birthday.logic.UnitTests" time="12.167"/>
  <system-out><![CDATA[]]></system-out>
  <system-err><![CDATA[]]></system-err>
</testsuite>
